\BOOKMARK [0][-]{chapter*.2}{\315ndice de figuras}{}% 1
\BOOKMARK [0][-]{chapter*.3}{\315ndice de tablas}{}% 2
\BOOKMARK [0][-]{chapter.1}{Introducci\363n}{}% 3
\BOOKMARK [1][-]{section.1.1}{Motivaci\363n}{chapter.1}% 4
\BOOKMARK [1][-]{section.1.2}{Problema}{chapter.1}% 5
\BOOKMARK [1][-]{section.1.3}{Objetivos}{chapter.1}% 6
\BOOKMARK [2][-]{subsection.1.3.1}{Objetivo General}{section.1.3}% 7
\BOOKMARK [2][-]{subsection.1.3.2}{Objetivos Particulares:}{section.1.3}% 8
\BOOKMARK [1][-]{section.1.4}{Hip\363tesis}{chapter.1}% 9
\BOOKMARK [0][-]{chapter.2}{Marco Te\363rico}{}% 10
\BOOKMARK [1][-]{section.2.1}{Certificado Digital y Firma Digital}{chapter.2}% 11
\BOOKMARK [1][-]{section.2.2}{Conceptos de Inter\351s}{chapter.2}% 12
\BOOKMARK [2][-]{subsection.2.2.1}{Integridad}{section.2.2}% 13
\BOOKMARK [2][-]{subsection.2.2.2}{Documentos}{section.2.2}% 14
\BOOKMARK [2][-]{subsection.2.2.3}{Redes entre pares}{section.2.2}% 15
\BOOKMARK [2][-]{subsection.2.2.4}{Protocolo de Consenso}{section.2.2}% 16
\BOOKMARK [2][-]{subsection.2.2.5}{Funci\363n Hash}{section.2.2}% 17
\BOOKMARK [2][-]{subsection.2.2.6}{Nodos}{section.2.2}% 18
\BOOKMARK [2][-]{subsection.2.2.7}{ Prueba de Trabajo}{section.2.2}% 19
\BOOKMARK [2][-]{subsection.2.2.8}{Prueba de Participaci\363n }{section.2.2}% 20
\BOOKMARK [2][-]{subsection.2.2.9}{Prueba de Autoridad }{section.2.2}% 21
\BOOKMARK [2][-]{subsection.2.2.10}{Direcci\363n}{section.2.2}% 22
\BOOKMARK [2][-]{subsection.2.2.11}{Billetera}{section.2.2}% 23
\BOOKMARK [1][-]{section.2.3}{Blockchain}{chapter.2}% 24
\BOOKMARK [2][-]{subsection.2.3.1}{Funcionamiento de la Blockchain}{section.2.3}% 25
\BOOKMARK [2][-]{subsection.2.3.2}{Caracter\355sticas de una Blockchain}{section.2.3}% 26
\BOOKMARK [2][-]{subsection.2.3.3}{Clases de Blockchain}{section.2.3}% 27
\BOOKMARK [2][-]{subsection.2.3.4}{Solidity}{section.2.3}% 28
\BOOKMARK [2][-]{subsection.2.3.5}{Contratos Inteligentes}{section.2.3}% 29
\BOOKMARK [2][-]{subsection.2.3.6}{Ethereum}{section.2.3}% 30
\BOOKMARK [1][-]{section.2.4}{Aplicaci\363n Descentralizada}{chapter.2}% 31
\BOOKMARK [2][-]{subsection.2.4.1}{OpenCerts}{section.2.4}% 32
\BOOKMARK [2][-]{subsection.2.4.2}{BlockCerts}{section.2.4}% 33
\BOOKMARK [0][-]{chapter.3}{Antecedentes y Tendencias}{}% 34
\BOOKMARK [1][-]{section.3.1}{Nivel Internacional}{chapter.3}% 35
\BOOKMARK [2][-]{subsection.3.1.1}{Antecedentes}{section.3.1}% 36
\BOOKMARK [2][-]{subsection.3.1.2}{Tendencias}{section.3.1}% 37
\BOOKMARK [1][-]{section.3.2}{Casos en Argentina}{chapter.3}% 38
\BOOKMARK [2][-]{subsection.3.2.1}{Antecedentes}{section.3.2}% 39
\BOOKMARK [2][-]{subsection.3.2.2}{Tendencias}{section.3.2}% 40
\BOOKMARK [1][-]{section.3.3}{Casos en Misiones}{chapter.3}% 41
\BOOKMARK [2][-]{subsection.3.3.1}{Antecedentes}{section.3.3}% 42
\BOOKMARK [2][-]{subsection.3.3.2}{Tendencias}{section.3.3}% 43
\BOOKMARK [0][-]{chapter.4}{Presentaci\363n del Caso}{}% 44
\BOOKMARK [1][-]{section.4.1}{Contexto}{chapter.4}% 45
\BOOKMARK [1][-]{section.4.2}{Certificaciones de Actividades de Extensi\363n en la fce }{chapter.4}% 46
\BOOKMARK [2][-]{subsection.4.2.1}{Proceso para Generar y Emitir Certificados}{section.4.2}% 47
\BOOKMARK [2][-]{subsection.4.2.2}{Problemas Actuales}{section.4.2}% 48
\BOOKMARK [0][-]{chapter.5}{Modelado de la Soluci\363n}{}% 49
\BOOKMARK [1][-]{section.5.1}{Procesos para la Construcci\363n del Sistema}{chapter.5}% 50
\BOOKMARK [2][-]{subsection.5.1.1}{ An\341lisis de Tecnolog\355as y M\351todos para Validaciones}{section.5.1}% 51
\BOOKMARK [2][-]{subsection.5.1.2}{ An\341lisis de Tecnolog\355as para Desarrollar en Blockchain}{section.5.1}% 52
\BOOKMARK [1][-]{section.5.2}{An\341lisis de la Propuesta de Sistema de Validaci\363n de Documentos Digitales}{chapter.5}% 53
\BOOKMARK [2][-]{subsection.5.2.1}{Bases del Sistema}{section.5.2}% 54
\BOOKMARK [2][-]{subsection.5.2.2}{Soluci\363n Propuesta}{section.5.2}% 55
\BOOKMARK [0][-]{chapter.6}{Desarrollo del Sistema Propuesto}{}% 56
\BOOKMARK [1][-]{section.6.1}{Tecnolog\355as y Herramientas Seleccionadas}{chapter.6}% 57
\BOOKMARK [1][-]{section.6.2}{Dise\361o de la L\363gica}{chapter.6}% 58
\BOOKMARK [1][-]{section.6.3}{Dise\361o de Sistema}{chapter.6}% 59
\BOOKMARK [2][-]{subsection.6.3.1}{Estructura del Smart Contract}{section.6.3}% 60
\BOOKMARK [2][-]{subsection.6.3.2}{Roles y Permisos}{section.6.3}% 61
\BOOKMARK [1][-]{section.6.4}{Desarrollo del Smart Contract}{chapter.6}% 62
\BOOKMARK [2][-]{subsection.6.4.1}{Instalaci\363n de Metamask}{section.6.4}% 63
\BOOKMARK [2][-]{subsection.6.4.2}{Desarrollo del Smart Contract}{section.6.4}% 64
\BOOKMARK [1][-]{section.6.5}{Desarrollo de la Interfaz de Usuario}{chapter.6}% 65
\BOOKMARK [2][-]{subsection.6.5.1}{Desarrollo de la Vista del Sistema}{section.6.5}% 66
\BOOKMARK [0][-]{chapter.7}{Ensayos de Validaciones}{}% 67
\BOOKMARK [1][-]{section.7.1}{Preparaci\363n Inicial}{chapter.7}% 68
\BOOKMARK [1][-]{section.7.2}{Ensayo A}{chapter.7}% 69
\BOOKMARK [1][-]{section.7.3}{Ensayo B}{chapter.7}% 70
\BOOKMARK [1][-]{section.7.4}{Ensayo C}{chapter.7}% 71
\BOOKMARK [1][-]{section.7.5}{Consideraciones Detectadas}{chapter.7}% 72
\BOOKMARK [0][-]{chapter.8}{Conclusiones}{}% 73
\BOOKMARK [0][-]{chapter*.60}{Bibliograf\355a}{}% 74
\BOOKMARK [0][-]{appendix.Alph1}{Anexos del Desarrollo}{}% 75
\BOOKMARK [1][-]{section.Alph1.1}{Enlaces de Inter\351s}{appendix.Alph1}% 76
\BOOKMARK [1][-]{section.Alph1.2}{M\351todos de relevamientos}{appendix.Alph1}% 77
\BOOKMARK [1][-]{section.Alph1.3}{Comunicaciones Personales y Observaciones}{appendix.Alph1}% 78
\BOOKMARK [2][-]{subsection.Alph1.3.1}{Etrevista a Responsable de la Secretar\355a de Extensi\363n de la Facultad de Ciencias Econ\363micas}{section.Alph1.3}% 79
\BOOKMARK [1][-]{section.Alph1.4}{C\363digo Smart Contract}{appendix.Alph1}% 80
